<?xml version="1.0" encoding="UTF-8"?>
<robot generator="Robot 3.2.2 (Python 3.6.4 on linux)" generated="20200903 22:07:57.093" rpa="false">
<suite id="s1" name="Suite1" source="/home/xliang/inpusr_server_automation/testsuite/suite1.robot">
<test id="s1-t1" name="TC001">
<kw name="Testcase001 Hello" library="testcase.test_function1_case">
<status status="PASS" starttime="20200903 22:07:57.127" endtime="20200903 22:07:57.127"></status>
</kw>
<status status="PASS" starttime="20200903 22:07:57.126" endtime="20200903 22:07:57.127" critical="yes"></status>
</test>
<status status="PASS" starttime="20200903 22:07:57.095" endtime="20200903 22:07:57.128"></status>
</suite>
<statistics>
<total>
<stat pass="1" fail="0">Critical Tests</stat>
<stat pass="1" fail="0">All Tests</stat>
</total>
<tag>
</tag>
<suite>
<stat pass="1" fail="0" id="s1" name="Suite1">Suite1</stat>
</suite>
</statistics>
<errors>
</errors>
</robot>
